<?xml version="1.0" encoding="UTF-8"?>
<!-- Generated by org.testng.reporters.JUnitReportReporter -->
<testsuite skipped="0" hostname="LAPTOP-S9AMPB2H" name="com.qa.trivagotest.TrivagoHomeTest" tests="1" failures="0" timestamp="2020-07-26T12:24:00 IST" time="1.624" errors="0">
  <testcase name="homePageTest" time="1.624" classname="com.qa.trivagotest.TrivagoHomeTest"/>
  <system-out/>
</testsuite> <!-- com.qa.trivagotest.TrivagoHomeTest -->
