<?xml version="1.0" encoding="UTF-8"?>
<!-- Generated by org.testng.reporters.JUnitReportReporter -->
<testsuite skipped="0" hostname="LAPTOP-S9AMPB2H" name="com.qa.trivagotest.TrivagoListTest" tests="1" failures="0" timestamp="2020-07-26T13:43:36 IST" time="0.974" errors="0">
  <testcase name="xyz" time="0.974" classname="com.qa.trivagotest.TrivagoListTest"/>
  <system-out/>
</testsuite> <!-- com.qa.trivagotest.TrivagoListTest -->
