<?xml version="1.0" encoding="UTF-8"?>
<!-- Generated by org.testng.reporters.JUnitReportReporter -->
<testsuite skipped="0" hostname="LAPTOP-S9AMPB2H" name="com.qa.trivagotest.RatingOnlyTest" tests="4" failures="0" timestamp="2020-07-27T00:23:21 IST" time="13.138" errors="0">
  <testcase name="hotelName" time="5.252" classname="com.qa.trivagotest.RatingOnlyTest"/>
  <system-out/>
  <testcase name="viewDeal" time="7.387" classname="com.qa.trivagotest.RatingOnlyTest"/>
  <system-out/>
  <testcase name="ld" time="0.472" classname="com.qa.trivagotest.RatingOnlyTest"/>
  <system-out/>
  <testcase name="parentw" time="0.027" classname="com.qa.trivagotest.RatingOnlyTest"/>
  <system-out/>
</testsuite> <!-- com.qa.trivagotest.RatingOnlyTest -->
