<?xml version="1.0" encoding="UTF-8"?>
<!-- Generated by org.testng.reporters.JUnitReportReporter -->
<testsuite skipped="0" hostname="LAPTOP-S9AMPB2H" name="com.qa.trivagotest.NewBookingTest" tests="2" failures="0" timestamp="2020-07-27T01:15:37 IST" time="10.344" errors="0">
  <testcase name="nBp" time="10.289" classname="com.qa.trivagotest.NewBookingTest"/>
  <system-out/>
  <testcase name="gTh" time="0.055" classname="com.qa.trivagotest.NewBookingTest"/>
  <system-out/>
</testsuite> <!-- com.qa.trivagotest.NewBookingTest -->
